<?xml version="1.0" encoding="UTF-8" ?>
<testsuite tests="10" failures="0" name="runner.TestRunner" time="202.811" errors="0" skipped="0">
  <properties>
[...]
</properties>
  <testcase classname="Administracion del sistema" name="TC-006 Navegacion al modulo Admin" time="22.607"/>
  <testcase classname="Administracion del sistema" name="TC-008 Crear nuevo usuario" time="36.979"/>
  <testcase classname="Administracion del sistema" name="TC-009 Crear usuario con username duplicado" time="25.19"/>
  <testcase classname="Control de Acceso - Login OrangeHRM" name="TC-001 Inicio de sesion con credenciales validas" time="15.421"/>
  <testcase classname="Control de Acceso - Login OrangeHRM" name="TC-002 Inicio de sesion con contrasena incorrecta" time="16.044"/>
  <testcase classname="Gestion de empleados PIM" name="TC-003 Navegacion al modulo PIM" time="17.627"/>
  <testcase classname="Gestion de empleados PIM" name="TC-004 Buscar empleado por nombre" time="17.115"/>
  <testcase classname="Gestion de empleados PIM" name="TC-005 Buscar empleado inexistente" time="19.986"/>
  <testcase classname="Gestion de empleados PIM" name="TC-011 Buscar empleado por letra" time="20.345"/>
  <testcase classname="Seguridad - Control de Sesion" name="TC-010 Acceso directo a URL privada sin sesion activa" time="11.497"/>
</testsuite>